  AlgaeParticleSystem.cpp
  GameMainMenu.cpp
  SceneCollisionCallback.cpp
  SceneGame.cpp
  SceneManager.cpp
  main.cpp
E:\gitHubDesktop\SimulacionFisicaVideojuegos\common\PhysX-3.4\PxShared\include\task\PxTask.h(326,19): warning C5220: "physx::PxLightCpuTask::mRefCount": un miembro de datos no estático con un tipo calificado volátil ya no implica
E:\gitHubDesktop\SimulacionFisicaVideojuegos\common\PhysX-3.4\PxShared\include\task\PxTask.h(326,19): warning C5220:          que los constructores de copia/movimiento generados por el compilador y los operadores de asignación de copia o movimiento no sean triviales
  (compilando archivo de origen "main.cpp")
      E:\gitHubDesktop\SimulacionFisicaVideojuegos\common\PhysX-3.4\PxShared\include\task\PxTask.h(326,19):
      vea la declaración de 'physx::PxLightCpuTask::mRefCount'
  
E:\gitHubDesktop\SimulacionFisicaVideojuegos\common\PhysX-3.4\PxShared\include\task\PxTask.h(326,19): warning C5220: "physx::PxLightCpuTask::mRefCount": un miembro de datos no estático con un tipo calificado volátil ya no implica
E:\gitHubDesktop\SimulacionFisicaVideojuegos\common\PhysX-3.4\PxShared\include\task\PxTask.h(326,19): warning C5220:          que los constructores de copia/movimiento generados por el compilador y los operadores de asignación de copia o movimiento no sean triviales
  (compilando archivo de origen "SceneCollisionCallback.cpp")
      E:\gitHubDesktop\SimulacionFisicaVideojuegos\common\PhysX-3.4\PxShared\include\task\PxTask.h(326,19):
      vea la declaración de 'physx::PxLightCpuTask::mRefCount'
  
E:\gitHubDesktop\SimulacionFisicaVideojuegos\common\PhysX-3.4\PxShared\include\task\PxTask.h(326,19): warning C5220: "physx::PxLightCpuTask::mRefCount": un miembro de datos no estático con un tipo calificado volátil ya no implica
E:\gitHubDesktop\SimulacionFisicaVideojuegos\common\PhysX-3.4\PxShared\include\task\PxTask.h(326,19): warning C5220:          que los constructores de copia/movimiento generados por el compilador y los operadores de asignación de copia o movimiento no sean triviales
  (compilando archivo de origen "AlgaeParticleSystem.cpp")
      E:\gitHubDesktop\SimulacionFisicaVideojuegos\common\PhysX-3.4\PxShared\include\task\PxTask.h(326,19):
      vea la declaración de 'physx::PxLightCpuTask::mRefCount'
  
E:\gitHubDesktop\SimulacionFisicaVideojuegos\common\PhysX-3.4\PxShared\include\task\PxTask.h(326,19): warning C5220: "physx::PxLightCpuTask::mRefCount": un miembro de datos no estático con un tipo calificado volátil ya no implica
E:\gitHubDesktop\SimulacionFisicaVideojuegos\common\PhysX-3.4\PxShared\include\task\PxTask.h(326,19): warning C5220:          que los constructores de copia/movimiento generados por el compilador y los operadores de asignación de copia o movimiento no sean triviales
  (compilando archivo de origen "Game/GameMainMenu.cpp")
      E:\gitHubDesktop\SimulacionFisicaVideojuegos\common\PhysX-3.4\PxShared\include\task\PxTask.h(326,19):
      vea la declaración de 'physx::PxLightCpuTask::mRefCount'
  
E:\gitHubDesktop\SimulacionFisicaVideojuegos\common\PhysX-3.4\PxShared\include\task\PxTask.h(326,19): warning C5220: "physx::PxLightCpuTask::mRefCount": un miembro de datos no estático con un tipo calificado volátil ya no implica
E:\gitHubDesktop\SimulacionFisicaVideojuegos\common\PhysX-3.4\PxShared\include\task\PxTask.h(326,19): warning C5220:          que los constructores de copia/movimiento generados por el compilador y los operadores de asignación de copia o movimiento no sean triviales
  (compilando archivo de origen "SceneManager.cpp")
      E:\gitHubDesktop\SimulacionFisicaVideojuegos\common\PhysX-3.4\PxShared\include\task\PxTask.h(326,19):
      vea la declaración de 'physx::PxLightCpuTask::mRefCount'
  
E:\gitHubDesktop\SimulacionFisicaVideojuegos\common\PhysX-3.4\PxShared\include\task\PxTask.h(326,19): warning C5220: "physx::PxLightCpuTask::mRefCount": un miembro de datos no estático con un tipo calificado volátil ya no implica
E:\gitHubDesktop\SimulacionFisicaVideojuegos\common\PhysX-3.4\PxShared\include\task\PxTask.h(326,19): warning C5220:          que los constructores de copia/movimiento generados por el compilador y los operadores de asignación de copia o movimiento no sean triviales
  (compilando archivo de origen "SceneGame.cpp")
      E:\gitHubDesktop\SimulacionFisicaVideojuegos\common\PhysX-3.4\PxShared\include\task\PxTask.h(326,19):
      vea la declaración de 'physx::PxLightCpuTask::mRefCount'
  
E:\gitHubDesktop\SimulacionFisicaVideojuegos\skeleton\Entity.h(7,7): warning C4625: 'Entity': el constructor de copia se definió implícitamente como eliminado
  (compilando archivo de origen "AlgaeParticleSystem.cpp")
  
E:\gitHubDesktop\SimulacionFisicaVideojuegos\skeleton\Entity.h(7,7): warning C4626: 'Entity': el operador de asignaciones se definió implícitamente como eliminado
  (compilando archivo de origen "AlgaeParticleSystem.cpp")
  
E:\gitHubDesktop\SimulacionFisicaVideojuegos\skeleton\Entity.h(13,32): warning C4100: 't': parámetro sin referencia
  (compilando archivo de origen "AlgaeParticleSystem.cpp")
  
E:\gitHubDesktop\SimulacionFisicaVideojuegos\skeleton\Particle.h(15,7): warning C4625: 'Particle': el constructor de copia se definió implícitamente como eliminado
  (compilando archivo de origen "AlgaeParticleSystem.cpp")
  
E:\gitHubDesktop\SimulacionFisicaVideojuegos\skeleton\SolidEntity.h(7,7): warning C4625: 'SolidEntity': el constructor de copia se definió implícitamente como eliminado
  (compilando archivo de origen "AlgaeParticleSystem.cpp")
  
E:\gitHubDesktop\SimulacionFisicaVideojuegos\skeleton\SolidEntity.h(7,7): warning C4626: 'SolidEntity': el operador de asignaciones se definió implícitamente como eliminado
  (compilando archivo de origen "AlgaeParticleSystem.cpp")
  
E:\gitHubDesktop\SimulacionFisicaVideojuegos\skeleton\Entity.h(7,7): warning C4625: 'Entity': el constructor de copia se definió implícitamente como eliminado
  (compilando archivo de origen "SceneManager.cpp")
  
E:\gitHubDesktop\SimulacionFisicaVideojuegos\skeleton\Entity.h(7,7): warning C4626: 'Entity': el operador de asignaciones se definió implícitamente como eliminado
  (compilando archivo de origen "SceneManager.cpp")
  
E:\gitHubDesktop\SimulacionFisicaVideojuegos\skeleton\Entity.h(13,32): warning C4100: 't': parámetro sin referencia
  (compilando archivo de origen "SceneManager.cpp")
  
E:\gitHubDesktop\SimulacionFisicaVideojuegos\skeleton\Particle.h(15,7): warning C4625: 'Particle': el constructor de copia se definió implícitamente como eliminado
  (compilando archivo de origen "SceneManager.cpp")
  
E:\gitHubDesktop\SimulacionFisicaVideojuegos\skeleton\SolidEntity.h(7,7): warning C4625: 'SolidEntity': el constructor de copia se definió implícitamente como eliminado
  (compilando archivo de origen "SceneManager.cpp")
  
E:\gitHubDesktop\SimulacionFisicaVideojuegos\skeleton\SolidEntity.h(7,7): warning C4626: 'SolidEntity': el operador de asignaciones se definió implícitamente como eliminado
  (compilando archivo de origen "SceneManager.cpp")
  
E:\gitHubDesktop\SimulacionFisicaVideojuegos\skeleton\Entity.h(7,7): warning C4625: 'Entity': el constructor de copia se definió implícitamente como eliminado
  (compilando archivo de origen "SceneCollisionCallback.cpp")
  
E:\gitHubDesktop\SimulacionFisicaVideojuegos\skeleton\Entity.h(7,7): warning C4626: 'Entity': el operador de asignaciones se definió implícitamente como eliminado
  (compilando archivo de origen "SceneCollisionCallback.cpp")
  
E:\gitHubDesktop\SimulacionFisicaVideojuegos\skeleton\Entity.h(13,32): warning C4100: 't': parámetro sin referencia
  (compilando archivo de origen "SceneCollisionCallback.cpp")
  
E:\gitHubDesktop\SimulacionFisicaVideojuegos\skeleton\Entity.h(7,7): warning C4625: 'Entity': el constructor de copia se definió implícitamente como eliminado
  (compilando archivo de origen "Game/GameMainMenu.cpp")
  
E:\gitHubDesktop\SimulacionFisicaVideojuegos\skeleton\Entity.h(7,7): warning C4626: 'Entity': el operador de asignaciones se definió implícitamente como eliminado
  (compilando archivo de origen "Game/GameMainMenu.cpp")
  
E:\gitHubDesktop\SimulacionFisicaVideojuegos\skeleton\Entity.h(13,32): warning C4100: 't': parámetro sin referencia
  (compilando archivo de origen "Game/GameMainMenu.cpp")
  
E:\gitHubDesktop\SimulacionFisicaVideojuegos\skeleton\Particle.h(15,7): warning C4625: 'Particle': el constructor de copia se definió implícitamente como eliminado
  (compilando archivo de origen "SceneCollisionCallback.cpp")
  
E:\gitHubDesktop\SimulacionFisicaVideojuegos\skeleton\Particle.h(15,7): warning C4625: 'Particle': el constructor de copia se definió implícitamente como eliminado
  (compilando archivo de origen "Game/GameMainMenu.cpp")
  
E:\gitHubDesktop\SimulacionFisicaVideojuegos\skeleton\SolidEntity.h(7,7): warning C4625: 'SolidEntity': el constructor de copia se definió implícitamente como eliminado
  (compilando archivo de origen "SceneCollisionCallback.cpp")
  
E:\gitHubDesktop\SimulacionFisicaVideojuegos\skeleton\SolidEntity.h(7,7): warning C4626: 'SolidEntity': el operador de asignaciones se definió implícitamente como eliminado
  (compilando archivo de origen "SceneCollisionCallback.cpp")
  
E:\gitHubDesktop\SimulacionFisicaVideojuegos\skeleton\SolidEntity.h(7,7): warning C4625: 'SolidEntity': el constructor de copia se definió implícitamente como eliminado
  (compilando archivo de origen "Game/GameMainMenu.cpp")
  
E:\gitHubDesktop\SimulacionFisicaVideojuegos\skeleton\SolidEntity.h(7,7): warning C4626: 'SolidEntity': el operador de asignaciones se definió implícitamente como eliminado
  (compilando archivo de origen "Game/GameMainMenu.cpp")
  
E:\gitHubDesktop\SimulacionFisicaVideojuegos\skeleton\Projectil.h(6,7): warning C4625: 'Projectil': el constructor de copia se definió implícitamente como eliminado
  (compilando archivo de origen "SceneManager.cpp")
  
E:\gitHubDesktop\SimulacionFisicaVideojuegos\skeleton\Projectil.h(6,7): warning C5026: 'Projectil': el constructor de movimiento se definió implícitamente como eliminado
  (compilando archivo de origen "SceneManager.cpp")
  
E:\gitHubDesktop\SimulacionFisicaVideojuegos\skeleton\Entity.h(7,7): warning C4625: 'Entity': el constructor de copia se definió implícitamente como eliminado
  (compilando archivo de origen "SceneGame.cpp")
  
E:\gitHubDesktop\SimulacionFisicaVideojuegos\skeleton\Entity.h(7,7): warning C4626: 'Entity': el operador de asignaciones se definió implícitamente como eliminado
  (compilando archivo de origen "SceneGame.cpp")
  
E:\gitHubDesktop\SimulacionFisicaVideojuegos\skeleton\Entity.h(13,32): warning C4100: 't': parámetro sin referencia
  (compilando archivo de origen "SceneGame.cpp")
  
E:\gitHubDesktop\SimulacionFisicaVideojuegos\skeleton\Particle.h(15,7): warning C4625: 'Particle': el constructor de copia se definió implícitamente como eliminado
  (compilando archivo de origen "SceneGame.cpp")
  
E:\gitHubDesktop\SimulacionFisicaVideojuegos\skeleton\Projectil.h(6,7): warning C4625: 'Projectil': el constructor de copia se definió implícitamente como eliminado
  (compilando archivo de origen "SceneCollisionCallback.cpp")
  
E:\gitHubDesktop\SimulacionFisicaVideojuegos\skeleton\Projectil.h(6,7): warning C5026: 'Projectil': el constructor de movimiento se definió implícitamente como eliminado
  (compilando archivo de origen "SceneCollisionCallback.cpp")
  
E:\gitHubDesktop\SimulacionFisicaVideojuegos\skeleton\SolidEntity.h(7,7): warning C4625: 'SolidEntity': el constructor de copia se definió implícitamente como eliminado
  (compilando archivo de origen "SceneGame.cpp")
  
E:\gitHubDesktop\SimulacionFisicaVideojuegos\skeleton\SolidEntity.h(7,7): warning C4626: 'SolidEntity': el operador de asignaciones se definió implícitamente como eliminado
  (compilando archivo de origen "SceneGame.cpp")
  
E:\gitHubDesktop\SimulacionFisicaVideojuegos\skeleton\Projectil.h(6,7): warning C4625: 'Projectil': el constructor de copia se definió implícitamente como eliminado
  (compilando archivo de origen "Game/GameMainMenu.cpp")
  
E:\gitHubDesktop\SimulacionFisicaVideojuegos\skeleton\Projectil.h(6,7): warning C5026: 'Projectil': el constructor de movimiento se definió implícitamente como eliminado
  (compilando archivo de origen "Game/GameMainMenu.cpp")
  
E:\gitHubDesktop\SimulacionFisicaVideojuegos\skeleton\Projectil.h(6,7): warning C4625: 'Projectil': el constructor de copia se definió implícitamente como eliminado
  (compilando archivo de origen "SceneGame.cpp")
  
E:\gitHubDesktop\SimulacionFisicaVideojuegos\skeleton\Projectil.h(6,7): warning C5026: 'Projectil': el constructor de movimiento se definió implícitamente como eliminado
  (compilando archivo de origen "SceneGame.cpp")
  
E:\gitHubDesktop\SimulacionFisicaVideojuegos\skeleton\Entity.h(7,7): warning C4625: 'Entity': el constructor de copia se definió implícitamente como eliminado
  (compilando archivo de origen "main.cpp")
  
E:\gitHubDesktop\SimulacionFisicaVideojuegos\skeleton\Entity.h(7,7): warning C4626: 'Entity': el operador de asignaciones se definió implícitamente como eliminado
  (compilando archivo de origen "main.cpp")
  
E:\gitHubDesktop\SimulacionFisicaVideojuegos\skeleton\Entity.h(13,32): warning C4100: 't': parámetro sin referencia
  (compilando archivo de origen "main.cpp")
  
E:\gitHubDesktop\SimulacionFisicaVideojuegos\skeleton\Particle.h(15,7): warning C4625: 'Particle': el constructor de copia se definió implícitamente como eliminado
  (compilando archivo de origen "main.cpp")
  
E:\gitHubDesktop\SimulacionFisicaVideojuegos\skeleton\SolidEntity.h(7,7): warning C4625: 'SolidEntity': el constructor de copia se definió implícitamente como eliminado
  (compilando archivo de origen "main.cpp")
  
E:\gitHubDesktop\SimulacionFisicaVideojuegos\skeleton\SolidEntity.h(7,7): warning C4626: 'SolidEntity': el operador de asignaciones se definió implícitamente como eliminado
  (compilando archivo de origen "main.cpp")
  
E:\gitHubDesktop\SimulacionFisicaVideojuegos\skeleton\ParticleSystem.h(11,7): warning C4625: 'ParticleSystem': el constructor de copia se definió implícitamente como eliminado
  (compilando archivo de origen "AlgaeParticleSystem.cpp")
  
E:\gitHubDesktop\SimulacionFisicaVideojuegos\skeleton\ParticleSystem.h(11,7): warning C4626: 'ParticleSystem': el operador de asignaciones se definió implícitamente como eliminado
  (compilando archivo de origen "AlgaeParticleSystem.cpp")
  
E:\gitHubDesktop\SimulacionFisicaVideojuegos\skeleton\AlgaeParticleSystem.h(5,7): warning C4625: 'AlgaeParticleSystem': el constructor de copia se definió implícitamente como eliminado
  (compilando archivo de origen "AlgaeParticleSystem.cpp")
  
E:\gitHubDesktop\SimulacionFisicaVideojuegos\skeleton\AlgaeParticleSystem.h(5,7): warning C5026: 'AlgaeParticleSystem': el constructor de movimiento se definió implícitamente como eliminado
  (compilando archivo de origen "AlgaeParticleSystem.cpp")
  
E:\gitHubDesktop\SimulacionFisicaVideojuegos\skeleton\AlgaeParticleSystem.h(5,7): warning C4626: 'AlgaeParticleSystem': el operador de asignaciones se definió implícitamente como eliminado
  (compilando archivo de origen "AlgaeParticleSystem.cpp")
  
E:\gitHubDesktop\SimulacionFisicaVideojuegos\skeleton\AlgaeParticleSystem.h(5,7): warning C5027: 'AlgaeParticleSystem': el operador de asignaciones de movimiento se definió implícitamente como eliminado
  (compilando archivo de origen "AlgaeParticleSystem.cpp")
  
E:\gitHubDesktop\SimulacionFisicaVideojuegos\skeleton\ParticleSystem.h(11,7): warning C4625: 'ParticleSystem': el constructor de copia se definió implícitamente como eliminado
  (compilando archivo de origen "SceneManager.cpp")
  
E:\gitHubDesktop\SimulacionFisicaVideojuegos\skeleton\ParticleSystem.h(11,7): warning C4626: 'ParticleSystem': el operador de asignaciones se definió implícitamente como eliminado
  (compilando archivo de origen "SceneManager.cpp")
  
E:\gitHubDesktop\SimulacionFisicaVideojuegos\skeleton\Projectil.h(6,7): warning C4625: 'Projectil': el constructor de copia se definió implícitamente como eliminado
  (compilando archivo de origen "main.cpp")
  
E:\gitHubDesktop\SimulacionFisicaVideojuegos\skeleton\Projectil.h(6,7): warning C5026: 'Projectil': el constructor de movimiento se definió implícitamente como eliminado
  (compilando archivo de origen "main.cpp")
  
E:\gitHubDesktop\SimulacionFisicaVideojuegos\skeleton\ParticleSystem.h(11,7): warning C4625: 'ParticleSystem': el constructor de copia se definió implícitamente como eliminado
  (compilando archivo de origen "SceneCollisionCallback.cpp")
  
E:\gitHubDesktop\SimulacionFisicaVideojuegos\skeleton\ParticleSystem.h(11,7): warning C4626: 'ParticleSystem': el operador de asignaciones se definió implícitamente como eliminado
  (compilando archivo de origen "SceneCollisionCallback.cpp")
  
E:\gitHubDesktop\SimulacionFisicaVideojuegos\skeleton\ParticleSystem.h(11,7): warning C4625: 'ParticleSystem': el constructor de copia se definió implícitamente como eliminado
  (compilando archivo de origen "Game/GameMainMenu.cpp")
  
E:\gitHubDesktop\SimulacionFisicaVideojuegos\skeleton\ParticleSystem.h(11,7): warning C4626: 'ParticleSystem': el operador de asignaciones se definió implícitamente como eliminado
  (compilando archivo de origen "Game/GameMainMenu.cpp")
  
E:\gitHubDesktop\SimulacionFisicaVideojuegos\skeleton\SolidSystem.h(13,7): warning C4625: 'SolidSystem': el constructor de copia se definió implícitamente como eliminado
  (compilando archivo de origen "SceneManager.cpp")
  
E:\gitHubDesktop\SimulacionFisicaVideojuegos\skeleton\SolidSystem.h(13,7): warning C4626: 'SolidSystem': el operador de asignaciones se definió implícitamente como eliminado
  (compilando archivo de origen "SceneManager.cpp")
  
E:\gitHubDesktop\SimulacionFisicaVideojuegos\skeleton\SolidSystem.h(13,7): warning C4625: 'SolidSystem': el constructor de copia se definió implícitamente como eliminado
  (compilando archivo de origen "SceneCollisionCallback.cpp")
  
E:\gitHubDesktop\SimulacionFisicaVideojuegos\skeleton\SolidSystem.h(13,7): warning C4626: 'SolidSystem': el operador de asignaciones se definió implícitamente como eliminado
  (compilando archivo de origen "SceneCollisionCallback.cpp")
  
E:\gitHubDesktop\SimulacionFisicaVideojuegos\skeleton\ParticleSystem.h(11,7): warning C4625: 'ParticleSystem': el constructor de copia se definió implícitamente como eliminado
  (compilando archivo de origen "SceneGame.cpp")
  
E:\gitHubDesktop\SimulacionFisicaVideojuegos\skeleton\ParticleSystem.h(11,7): warning C4626: 'ParticleSystem': el operador de asignaciones se definió implícitamente como eliminado
  (compilando archivo de origen "SceneGame.cpp")
  
E:\gitHubDesktop\SimulacionFisicaVideojuegos\skeleton\SolidSystem.h(13,7): warning C4625: 'SolidSystem': el constructor de copia se definió implícitamente como eliminado
  (compilando archivo de origen "Game/GameMainMenu.cpp")
  
E:\gitHubDesktop\SimulacionFisicaVideojuegos\skeleton\SolidSystem.h(13,7): warning C4626: 'SolidSystem': el operador de asignaciones se definió implícitamente como eliminado
  (compilando archivo de origen "Game/GameMainMenu.cpp")
  
E:\gitHubDesktop\SimulacionFisicaVideojuegos\skeleton\WindGenerator.h(25,57): warning C4100: 'dt': parámetro sin referencia
  (compilando archivo de origen "AlgaeParticleSystem.cpp")
      E:\gitHubDesktop\SimulacionFisicaVideojuegos\skeleton\WindGenerator.h(25,57):
      el contexto de creación de instancias de la plantilla (el más antiguo primero) es
          E:\gitHubDesktop\SimulacionFisicaVideojuegos\skeleton\AlgaeParticleSystem.cpp(42,18):
          Vea la referencia a la creación de una instancia de clase plantilla "WindGenerator<Particle>" que se está compilando
          E:\gitHubDesktop\SimulacionFisicaVideojuegos\skeleton\WindGenerator.h(25,25):
          al compilar la función del miembro clase plantilla "void WindGenerator<Particle>::updateForce(T *,double)"
          with
          [
              T=Particle
          ]
              E:\gitHubDesktop\SimulacionFisicaVideojuegos\skeleton\WhirlwindGenerator.h(30,38):
              vea la primera referencia a “WindGenerator<Particle>::updateForce” en “WhirlwindGenerator<Particle>::updateForce”
  
E:\gitHubDesktop\SimulacionFisicaVideojuegos\skeleton\Scene.h(30,19): warning C5038: miembro de datos "Scene::_text" se inicializará después de miembro de datos "Scene::_particleSystems"
  (compilando archivo de origen "SceneManager.cpp")
  
E:\gitHubDesktop\SimulacionFisicaVideojuegos\skeleton\Scene.h(39,41): warning C4100: 'key': parámetro sin referencia
  (compilando archivo de origen "SceneManager.cpp")
  
E:\gitHubDesktop\SimulacionFisicaVideojuegos\skeleton\Scene.h(40,38): warning C4100: 'key': parámetro sin referencia
  (compilando archivo de origen "SceneManager.cpp")
  
E:\gitHubDesktop\SimulacionFisicaVideojuegos\skeleton\Scene1.h(3,7): warning C4625: 'Scene1': el constructor de copia se definió implícitamente como eliminado
  (compilando archivo de origen "SceneManager.cpp")
  
E:\gitHubDesktop\SimulacionFisicaVideojuegos\skeleton\Scene1.h(3,7): warning C5026: 'Scene1': el constructor de movimiento se definió implícitamente como eliminado
  (compilando archivo de origen "SceneManager.cpp")
  
E:\gitHubDesktop\SimulacionFisicaVideojuegos\skeleton\Scene1.h(3,7): warning C4626: 'Scene1': el operador de asignaciones se definió implícitamente como eliminado
  (compilando archivo de origen "SceneManager.cpp")
  
E:\gitHubDesktop\SimulacionFisicaVideojuegos\skeleton\Scene1.h(3,7): warning C5027: 'Scene1': el operador de asignaciones de movimiento se definió implícitamente como eliminado
  (compilando archivo de origen "SceneManager.cpp")
  
E:\gitHubDesktop\SimulacionFisicaVideojuegos\skeleton\Scene2.h(3,7): warning C4625: 'Scene2': el constructor de copia se definió implícitamente como eliminado
  (compilando archivo de origen "SceneManager.cpp")
  
E:\gitHubDesktop\SimulacionFisicaVideojuegos\skeleton\Scene2.h(3,7): warning C5026: 'Scene2': el constructor de movimiento se definió implícitamente como eliminado
  (compilando archivo de origen "SceneManager.cpp")
  
E:\gitHubDesktop\SimulacionFisicaVideojuegos\skeleton\Scene2.h(3,7): warning C4626: 'Scene2': el operador de asignaciones se definió implícitamente como eliminado
  (compilando archivo de origen "SceneManager.cpp")
  
E:\gitHubDesktop\SimulacionFisicaVideojuegos\skeleton\Scene2.h(3,7): warning C5027: 'Scene2': el operador de asignaciones de movimiento se definió implícitamente como eliminado
  (compilando archivo de origen "SceneManager.cpp")
  
E:\gitHubDesktop\SimulacionFisicaVideojuegos\skeleton\SolidSystem.h(13,7): warning C4625: 'SolidSystem': el constructor de copia se definió implícitamente como eliminado
  (compilando archivo de origen "SceneGame.cpp")
  
E:\gitHubDesktop\SimulacionFisicaVideojuegos\skeleton\SolidSystem.h(13,7): warning C4626: 'SolidSystem': el operador de asignaciones se definió implícitamente como eliminado
  (compilando archivo de origen "SceneGame.cpp")
  
E:\gitHubDesktop\SimulacionFisicaVideojuegos\skeleton\Scene.h(30,19): warning C5038: miembro de datos "Scene::_text" se inicializará después de miembro de datos "Scene::_particleSystems"
  (compilando archivo de origen "SceneCollisionCallback.cpp")
  
E:\gitHubDesktop\SimulacionFisicaVideojuegos\skeleton\Scene.h(39,41): warning C4100: 'key': parámetro sin referencia
  (compilando archivo de origen "SceneCollisionCallback.cpp")
  
E:\gitHubDesktop\SimulacionFisicaVideojuegos\skeleton\Scene.h(40,38): warning C4100: 'key': parámetro sin referencia
  (compilando archivo de origen "SceneCollisionCallback.cpp")
  
E:\gitHubDesktop\SimulacionFisicaVideojuegos\skeleton\FireworkParticleSystem.h(7,7): warning C4625: 'FireworkParticleSystem': el constructor de copia se definió implícitamente como eliminado
  (compilando archivo de origen "SceneManager.cpp")
  
E:\gitHubDesktop\SimulacionFisicaVideojuegos\skeleton\FireworkParticleSystem.h(7,7): warning C4626: 'FireworkParticleSystem': el operador de asignaciones se definió implícitamente como eliminado
  (compilando archivo de origen "SceneManager.cpp")
  
E:\gitHubDesktop\SimulacionFisicaVideojuegos\skeleton\Scene3.h(5,7): warning C4625: 'Scene3': el constructor de copia se definió implícitamente como eliminado
  (compilando archivo de origen "SceneManager.cpp")
  
E:\gitHubDesktop\SimulacionFisicaVideojuegos\skeleton\Scene3.h(5,7): warning C5026: 'Scene3': el constructor de movimiento se definió implícitamente como eliminado
  (compilando archivo de origen "SceneManager.cpp")
  
E:\gitHubDesktop\SimulacionFisicaVideojuegos\skeleton\Scene3.h(5,7): warning C4626: 'Scene3': el operador de asignaciones se definió implícitamente como eliminado
  (compilando archivo de origen "SceneManager.cpp")
  
E:\gitHubDesktop\SimulacionFisicaVideojuegos\skeleton\Scene3.h(5,7): warning C5027: 'Scene3': el operador de asignaciones de movimiento se definió implícitamente como eliminado
  (compilando archivo de origen "SceneManager.cpp")
  
E:\gitHubDesktop\SimulacionFisicaVideojuegos\skeleton\Scene4.h(4,7): warning C4625: 'Scene4': el constructor de copia se definió implícitamente como eliminado
  (compilando archivo de origen "SceneManager.cpp")
  
E:\gitHubDesktop\SimulacionFisicaVideojuegos\skeleton\Scene4.h(4,7): warning C5026: 'Scene4': el constructor de movimiento se definió implícitamente como eliminado
  (compilando archivo de origen "SceneManager.cpp")
  
E:\gitHubDesktop\SimulacionFisicaVideojuegos\skeleton\Scene4.h(4,7): warning C4626: 'Scene4': el operador de asignaciones se definió implícitamente como eliminado
  (compilando archivo de origen "SceneManager.cpp")
  
E:\gitHubDesktop\SimulacionFisicaVideojuegos\skeleton\Scene4.h(4,7): warning C5027: 'Scene4': el operador de asignaciones de movimiento se definió implícitamente como eliminado
  (compilando archivo de origen "SceneManager.cpp")
  
E:\gitHubDesktop\SimulacionFisicaVideojuegos\skeleton\Scene.h(30,19): warning C5038: miembro de datos "Scene::_text" se inicializará después de miembro de datos "Scene::_particleSystems"
  (compilando archivo de origen "Game/GameMainMenu.cpp")
  
E:\gitHubDesktop\SimulacionFisicaVideojuegos\skeleton\Scene.h(39,41): warning C4100: 'key': parámetro sin referencia
  (compilando archivo de origen "Game/GameMainMenu.cpp")
  
E:\gitHubDesktop\SimulacionFisicaVideojuegos\skeleton\Scene.h(40,38): warning C4100: 'key': parámetro sin referencia
  (compilando archivo de origen "Game/GameMainMenu.cpp")
  
E:\gitHubDesktop\SimulacionFisicaVideojuegos\skeleton\Fish.h(6,7): warning C4625: 'Fish': el constructor de copia se definió implícitamente como eliminado
  (compilando archivo de origen "SceneCollisionCallback.cpp")
  
E:\gitHubDesktop\SimulacionFisicaVideojuegos\skeleton\Game\GameMainMenu.h(3,7): warning C4625: 'GameMainMenu': el constructor de copia se definió implícitamente como eliminado
  (compilando archivo de origen "Game/GameMainMenu.cpp")
  
E:\gitHubDesktop\SimulacionFisicaVideojuegos\skeleton\Fish.h(6,7): warning C4626: 'Fish': el operador de asignaciones se definió implícitamente como eliminado
  (compilando archivo de origen "SceneCollisionCallback.cpp")
  
E:\gitHubDesktop\SimulacionFisicaVideojuegos\skeleton\Game\GameMainMenu.h(3,7): warning C5026: 'GameMainMenu': el constructor de movimiento se definió implícitamente como eliminado
  (compilando archivo de origen "Game/GameMainMenu.cpp")
  
E:\gitHubDesktop\SimulacionFisicaVideojuegos\skeleton\Scene5.h(7,7): warning C4625: 'Scene5': el constructor de copia se definió implícitamente como eliminado
  (compilando archivo de origen "SceneManager.cpp")
  
E:\gitHubDesktop\SimulacionFisicaVideojuegos\skeleton\Scene5.h(7,7): warning C5026: 'Scene5': el constructor de movimiento se definió implícitamente como eliminado
  (compilando archivo de origen "SceneManager.cpp")
  
E:\gitHubDesktop\SimulacionFisicaVideojuegos\skeleton\Game\GameMainMenu.h(3,7): warning C4626: 'GameMainMenu': el operador de asignaciones se definió implícitamente como eliminado
  (compilando archivo de origen "Game/GameMainMenu.cpp")
  
E:\gitHubDesktop\SimulacionFisicaVideojuegos\skeleton\Scene5.h(7,7): warning C4626: 'Scene5': el operador de asignaciones se definió implícitamente como eliminado
  (compilando archivo de origen "SceneManager.cpp")
  
E:\gitHubDesktop\SimulacionFisicaVideojuegos\skeleton\Game\GameMainMenu.h(3,7): warning C5027: 'GameMainMenu': el operador de asignaciones de movimiento se definió implícitamente como eliminado
  (compilando archivo de origen "Game/GameMainMenu.cpp")
  
E:\gitHubDesktop\SimulacionFisicaVideojuegos\skeleton\Scene5.h(7,7): warning C5027: 'Scene5': el operador de asignaciones de movimiento se definió implícitamente como eliminado
  (compilando archivo de origen "SceneManager.cpp")
  
E:\gitHubDesktop\SimulacionFisicaVideojuegos\skeleton\Scene6.h(4,7): warning C4625: 'Scene6': el constructor de copia se definió implícitamente como eliminado
  (compilando archivo de origen "SceneManager.cpp")
  
E:\gitHubDesktop\SimulacionFisicaVideojuegos\skeleton\Scene6.h(4,7): warning C5026: 'Scene6': el constructor de movimiento se definió implícitamente como eliminado
  (compilando archivo de origen "SceneManager.cpp")
  
E:\gitHubDesktop\SimulacionFisicaVideojuegos\skeleton\Scene6.h(4,7): warning C4626: 'Scene6': el operador de asignaciones se definió implícitamente como eliminado
  (compilando archivo de origen "SceneManager.cpp")
  
E:\gitHubDesktop\SimulacionFisicaVideojuegos\skeleton\Scene6.h(4,7): warning C5027: 'Scene6': el operador de asignaciones de movimiento se definió implícitamente como eliminado
  (compilando archivo de origen "SceneManager.cpp")
  
E:\gitHubDesktop\SimulacionFisicaVideojuegos\skeleton\Fish.h(6,7): warning C4625: 'Fish': el constructor de copia se definió implícitamente como eliminado
  (compilando archivo de origen "SceneManager.cpp")
  
E:\gitHubDesktop\SimulacionFisicaVideojuegos\skeleton\Fish.h(6,7): warning C4626: 'Fish': el operador de asignaciones se definió implícitamente como eliminado
  (compilando archivo de origen "SceneManager.cpp")
  
E:\gitHubDesktop\SimulacionFisicaVideojuegos\skeleton\BubbleSystem.h(8,7): warning C4625: 'BubbleSystem': el constructor de copia se definió implícitamente como eliminado
  (compilando archivo de origen "Game/GameMainMenu.cpp")
  
E:\gitHubDesktop\SimulacionFisicaVideojuegos\skeleton\BubbleSystem.h(8,7): warning C5026: 'BubbleSystem': el constructor de movimiento se definió implícitamente como eliminado
  (compilando archivo de origen "Game/GameMainMenu.cpp")
  
E:\gitHubDesktop\SimulacionFisicaVideojuegos\skeleton\BubbleSystem.h(8,7): warning C4626: 'BubbleSystem': el operador de asignaciones se definió implícitamente como eliminado
  (compilando archivo de origen "Game/GameMainMenu.cpp")
  
E:\gitHubDesktop\SimulacionFisicaVideojuegos\skeleton\BubbleSystem.h(8,7): warning C5027: 'BubbleSystem': el operador de asignaciones de movimiento se definió implícitamente como eliminado
  (compilando archivo de origen "Game/GameMainMenu.cpp")
  
E:\gitHubDesktop\SimulacionFisicaVideojuegos\skeleton\AlgaeParticleSystem.h(5,7): warning C4625: 'AlgaeParticleSystem': el constructor de copia se definió implícitamente como eliminado
  (compilando archivo de origen "Game/GameMainMenu.cpp")
  
E:\gitHubDesktop\SimulacionFisicaVideojuegos\skeleton\AlgaeParticleSystem.h(5,7): warning C5026: 'AlgaeParticleSystem': el constructor de movimiento se definió implícitamente como eliminado
  (compilando archivo de origen "Game/GameMainMenu.cpp")
  
E:\gitHubDesktop\SimulacionFisicaVideojuegos\skeleton\AlgaeParticleSystem.h(5,7): warning C4626: 'AlgaeParticleSystem': el operador de asignaciones se definió implícitamente como eliminado
  (compilando archivo de origen "Game/GameMainMenu.cpp")
  
E:\gitHubDesktop\SimulacionFisicaVideojuegos\skeleton\AlgaeParticleSystem.h(5,7): warning C5027: 'AlgaeParticleSystem': el operador de asignaciones de movimiento se definió implícitamente como eliminado
  (compilando archivo de origen "Game/GameMainMenu.cpp")
  
E:\gitHubDesktop\SimulacionFisicaVideojuegos\skeleton\Scene.h(30,19): warning C5038: miembro de datos "Scene::_text" se inicializará después de miembro de datos "Scene::_particleSystems"
  (compilando archivo de origen "SceneGame.cpp")
  
E:\gitHubDesktop\SimulacionFisicaVideojuegos\skeleton\Game\GameMainMenu.cpp(16,21): warning C4189: 'material': la variable local se ha inicializado pero no se hace referencia a ella
E:\gitHubDesktop\SimulacionFisicaVideojuegos\skeleton\Game\GameMainMenu.cpp(26,2): warning C4065: la instrucción switch contiene etiquetas 'default' pero no etiquetas 'case'
E:\gitHubDesktop\SimulacionFisicaVideojuegos\skeleton\Game\GameMainMenu.cpp(39,43): warning C5219: conversión implícita de "const int" a "float"; posible pérdida de datos
E:\gitHubDesktop\SimulacionFisicaVideojuegos\skeleton\Game\GameMainMenu.cpp(39,63): warning C5219: conversión implícita de "const int" a "float"; posible pérdida de datos
E:\gitHubDesktop\SimulacionFisicaVideojuegos\skeleton\Scene.h(39,41): warning C4100: 'key': parámetro sin referencia
  (compilando archivo de origen "SceneGame.cpp")
  
E:\gitHubDesktop\SimulacionFisicaVideojuegos\skeleton\Scene.h(40,38): warning C4100: 'key': parámetro sin referencia
  (compilando archivo de origen "SceneGame.cpp")
  
E:\gitHubDesktop\SimulacionFisicaVideojuegos\skeleton\Game\GameMainMenu.cpp(50,31): warning C5219: conversión implícita de "const int" a "float"; posible pérdida de datos
E:\gitHubDesktop\SimulacionFisicaVideojuegos\skeleton\Game\GameMainMenu.cpp(51,31): warning C5219: conversión implícita de "const int" a "float"; posible pérdida de datos
E:\gitHubDesktop\SimulacionFisicaVideojuegos\skeleton\Fish.h(6,7): warning C4625: 'Fish': el constructor de copia se definió implícitamente como eliminado
  (compilando archivo de origen "SceneGame.cpp")
  
E:\gitHubDesktop\SimulacionFisicaVideojuegos\skeleton\Fish.h(6,7): warning C4626: 'Fish': el operador de asignaciones se definió implícitamente como eliminado
  (compilando archivo de origen "SceneGame.cpp")
  
E:\gitHubDesktop\SimulacionFisicaVideojuegos\skeleton\SceneGame.h(49,7): warning C4625: 'SceneGame': el constructor de copia se definió implícitamente como eliminado
  (compilando archivo de origen "SceneCollisionCallback.cpp")
  
E:\gitHubDesktop\SimulacionFisicaVideojuegos\skeleton\SceneGame.h(49,7): warning C4626: 'SceneGame': el operador de asignaciones se definió implícitamente como eliminado
  (compilando archivo de origen "SceneCollisionCallback.cpp")
  
E:\gitHubDesktop\SimulacionFisicaVideojuegos\skeleton\ForceGenerator.h(33,20): warning C5038: miembro de datos "ForceGenerator<Particle>::_renderItem" se inicializará después de miembro de datos "ForceGenerator<Particle>::_isRegistered"
  (compilando archivo de origen "AlgaeParticleSystem.cpp")
      E:\gitHubDesktop\SimulacionFisicaVideojuegos\skeleton\ForceGenerator.h(33,20):
      el contexto de creación de instancias de la plantilla (el más antiguo primero) es
          E:\gitHubDesktop\SimulacionFisicaVideojuegos\skeleton\WindGenerator.h(8,29):
          Vea la referencia a la creación de una instancia de clase plantilla "ForceGenerator<Particle>" que se está compilando
          E:\gitHubDesktop\SimulacionFisicaVideojuegos\skeleton\ForceGenerator.h(33,2):
          al compilar la función del miembro clase plantilla "ForceGenerator<Particle>::ForceGenerator(void)"
              E:\gitHubDesktop\SimulacionFisicaVideojuegos\skeleton\WindGenerator.h(17,5):
              vea la primera referencia a “ForceGenerator<Particle>::ForceGenerator” en “WindGenerator<Particle>::WindGenerator”
              E:\gitHubDesktop\SimulacionFisicaVideojuegos\skeleton\AlgaeParticleSystem.cpp(42,13):
              vea la primera referencia a “WindGenerator<Particle>::WindGenerator” en “AlgaeParticleSystem::AlgaeParticleSystem”
  
E:\gitHubDesktop\SimulacionFisicaVideojuegos\skeleton\SceneCollisionCallback.h(17,87): warning C4100: 'count': parámetro sin referencia
  (compilando archivo de origen "SceneCollisionCallback.cpp")
  
E:\gitHubDesktop\SimulacionFisicaVideojuegos\skeleton\SceneCollisionCallback.h(17,61): warning C4100: 'constraints': parámetro sin referencia
  (compilando archivo de origen "SceneCollisionCallback.cpp")
  
E:\gitHubDesktop\SimulacionFisicaVideojuegos\skeleton\SceneCollisionCallback.h(18,63): warning C4100: 'count': parámetro sin referencia
  (compilando archivo de origen "SceneCollisionCallback.cpp")
  
E:\gitHubDesktop\SimulacionFisicaVideojuegos\skeleton\SceneCollisionCallback.h(18,42): warning C4100: 'actors': parámetro sin referencia
  (compilando archivo de origen "SceneCollisionCallback.cpp")
  
E:\gitHubDesktop\SimulacionFisicaVideojuegos\skeleton\SceneCollisionCallback.h(19,64): warning C4100: 'count': parámetro sin referencia
  (compilando archivo de origen "SceneCollisionCallback.cpp")
  
E:\gitHubDesktop\SimulacionFisicaVideojuegos\skeleton\SceneCollisionCallback.h(19,43): warning C4100: 'actors': parámetro sin referencia
  (compilando archivo de origen "SceneCollisionCallback.cpp")
  
E:\gitHubDesktop\SimulacionFisicaVideojuegos\skeleton\SceneCollisionCallback.h(20,70): warning C4100: 'count': parámetro sin referencia
  (compilando archivo de origen "SceneCollisionCallback.cpp")
  
E:\gitHubDesktop\SimulacionFisicaVideojuegos\skeleton\SceneCollisionCallback.h(20,50): warning C4100: 'pairs': parámetro sin referencia
  (compilando archivo de origen "SceneCollisionCallback.cpp")
  
E:\gitHubDesktop\SimulacionFisicaVideojuegos\skeleton\SceneCollisionCallback.h(22,66): warning C4100: 'count': parámetro sin referencia
  (compilando archivo de origen "SceneCollisionCallback.cpp")
  
E:\gitHubDesktop\SimulacionFisicaVideojuegos\skeleton\Generator.h(28,52): warning C5038: miembro de datos "Generator<Particle>::n_particle" se inicializará después de miembro de datos "Generator<Particle>::_mt"
  (compilando archivo de origen "AlgaeParticleSystem.cpp")
      E:\gitHubDesktop\SimulacionFisicaVideojuegos\skeleton\Generator.h(28,52):
      el contexto de creación de instancias de la plantilla (el más antiguo primero) es
          E:\gitHubDesktop\SimulacionFisicaVideojuegos\skeleton\AlgaeParticleSystem.cpp(28,54):
          Vea la referencia a la creación de una instancia de clase plantilla "UniformDistributionGen<Particle>" que se está compilando
          E:\gitHubDesktop\SimulacionFisicaVideojuegos\skeleton\UniformDistributionGen.h(5,39):
          Vea la referencia a la creación de una instancia de clase plantilla "Generator<Particle>" que se está compilando
          E:\gitHubDesktop\SimulacionFisicaVideojuegos\skeleton\Generator.h(27,2):
          al compilar la función del miembro clase plantilla "Generator<Particle>::Generator(T *,Vector3,Vector3,double,int)"
          with
          [
              T=Particle
          ]
              E:\gitHubDesktop\SimulacionFisicaVideojuegos\skeleton\UniformDistributionGen.h(11,16):
              vea la primera referencia a “Generator<Particle>::Generator” en “UniformDistributionGen<Particle>::UniformDistributionGen”
              E:\gitHubDesktop\SimulacionFisicaVideojuegos\skeleton\AlgaeParticleSystem.cpp(28,48):
              vea la primera referencia a “UniformDistributionGen<Particle>::UniformDistributionGen” en “AlgaeParticleSystem::AlgaeParticleSystem”
  
E:\gitHubDesktop\SimulacionFisicaVideojuegos\skeleton\SceneCollisionCallback.h(22,35): warning C4100: 'poseBuffer': parámetro sin referencia
  (compilando archivo de origen "SceneCollisionCallback.cpp")
  
E:\gitHubDesktop\SimulacionFisicaVideojuegos\skeleton\Generator.h(29,61): warning C5038: miembro de datos "Generator<Particle>::_des_Dur" se inicializará después de miembro de datos "Generator<Particle>::_des_Vel"
  (compilando archivo de origen "AlgaeParticleSystem.cpp")
  
E:\gitHubDesktop\SimulacionFisicaVideojuegos\skeleton\SceneCollisionCallback.h(21,61): warning C4100: 'bodyBuffer': parámetro sin referencia
  (compilando archivo de origen "SceneCollisionCallback.cpp")
  
E:\gitHubDesktop\SimulacionFisicaVideojuegos\skeleton\SceneCollisionCallback.cpp(5,18): warning C4100: 'nbPairs': parámetro sin referencia
E:\gitHubDesktop\SimulacionFisicaVideojuegos\skeleton\SceneCollisionCallback.cpp(4,33): warning C4100: 'pairs': parámetro sin referencia
E:\gitHubDesktop\SimulacionFisicaVideojuegos\skeleton\SceneGame.h(49,7): warning C4625: 'SceneGame': el constructor de copia se definió implícitamente como eliminado
  (compilando archivo de origen "SceneManager.cpp")
  
E:\gitHubDesktop\SimulacionFisicaVideojuegos\skeleton\SceneGame.h(49,7): warning C4626: 'SceneGame': el operador de asignaciones se definió implícitamente como eliminado
  (compilando archivo de origen "SceneManager.cpp")
  
E:\gitHubDesktop\SimulacionFisicaVideojuegos\skeleton\Game\GameMainMenu.h(3,7): warning C4625: 'GameMainMenu': el constructor de copia se definió implícitamente como eliminado
  (compilando archivo de origen "SceneManager.cpp")
  
E:\gitHubDesktop\SimulacionFisicaVideojuegos\skeleton\Game\GameMainMenu.h(3,7): warning C5026: 'GameMainMenu': el constructor de movimiento se definió implícitamente como eliminado
  (compilando archivo de origen "SceneManager.cpp")
  
E:\gitHubDesktop\SimulacionFisicaVideojuegos\skeleton\Game\GameMainMenu.h(3,7): warning C4626: 'GameMainMenu': el operador de asignaciones se definió implícitamente como eliminado
  (compilando archivo de origen "SceneManager.cpp")
  
E:\gitHubDesktop\SimulacionFisicaVideojuegos\skeleton\Game\GameMainMenu.h(3,7): warning C5027: 'GameMainMenu': el operador de asignaciones de movimiento se definió implícitamente como eliminado
  (compilando archivo de origen "SceneManager.cpp")
  
E:\gitHubDesktop\SimulacionFisicaVideojuegos\skeleton\SceneManager.cpp(13,6): warning C5038: miembro de datos "SceneManager::_current_scene" se inicializará después de miembro de datos "SceneManager::_gPhysics"
E:\gitHubDesktop\SimulacionFisicaVideojuegos\skeleton\SceneGame.h(49,7): warning C4625: 'SceneGame': el constructor de copia se definió implícitamente como eliminado
  (compilando archivo de origen "SceneGame.cpp")
  
E:\gitHubDesktop\SimulacionFisicaVideojuegos\skeleton\SceneGame.h(49,7): warning C4626: 'SceneGame': el operador de asignaciones se definió implícitamente como eliminado
  (compilando archivo de origen "SceneGame.cpp")
  
E:\gitHubDesktop\SimulacionFisicaVideojuegos\skeleton\ForceParticleSystem.h(6,7): warning C4625: 'ForceParticleSystem': el constructor de copia se definió implícitamente como eliminado
  (compilando archivo de origen "SceneGame.cpp")
  
E:\gitHubDesktop\SimulacionFisicaVideojuegos\skeleton\ForceParticleSystem.h(6,7): warning C5026: 'ForceParticleSystem': el constructor de movimiento se definió implícitamente como eliminado
  (compilando archivo de origen "SceneGame.cpp")
  
E:\gitHubDesktop\SimulacionFisicaVideojuegos\skeleton\ForceParticleSystem.h(6,7): warning C4626: 'ForceParticleSystem': el operador de asignaciones se definió implícitamente como eliminado
  (compilando archivo de origen "SceneGame.cpp")
  
E:\gitHubDesktop\SimulacionFisicaVideojuegos\skeleton\ForceParticleSystem.h(6,7): warning C5027: 'ForceParticleSystem': el operador de asignaciones de movimiento se definió implícitamente como eliminado
  (compilando archivo de origen "SceneGame.cpp")
  
E:\gitHubDesktop\SimulacionFisicaVideojuegos\skeleton\ParticleSystem.h(11,7): warning C4625: 'ParticleSystem': el constructor de copia se definió implícitamente como eliminado
  (compilando archivo de origen "main.cpp")
  
E:\gitHubDesktop\SimulacionFisicaVideojuegos\skeleton\ParticleSystem.h(11,7): warning C4626: 'ParticleSystem': el operador de asignaciones se definió implícitamente como eliminado
  (compilando archivo de origen "main.cpp")
  
E:\gitHubDesktop\SimulacionFisicaVideojuegos\skeleton\FireParticleSystem.h(5,7): warning C4625: 'FireParticleSystem': el constructor de copia se definió implícitamente como eliminado
  (compilando archivo de origen "SceneGame.cpp")
  
E:\gitHubDesktop\SimulacionFisicaVideojuegos\skeleton\FireParticleSystem.h(5,7): warning C5026: 'FireParticleSystem': el constructor de movimiento se definió implícitamente como eliminado
  (compilando archivo de origen "SceneGame.cpp")
  
E:\gitHubDesktop\SimulacionFisicaVideojuegos\skeleton\FireParticleSystem.h(5,7): warning C4626: 'FireParticleSystem': el operador de asignaciones se definió implícitamente como eliminado
  (compilando archivo de origen "SceneGame.cpp")
  
E:\gitHubDesktop\SimulacionFisicaVideojuegos\skeleton\FireParticleSystem.h(5,7): warning C5027: 'FireParticleSystem': el operador de asignaciones de movimiento se definió implícitamente como eliminado
  (compilando archivo de origen "SceneGame.cpp")
  
E:\gitHubDesktop\SimulacionFisicaVideojuegos\skeleton\FogParticleSystem.h(4,7): warning C4625: 'FogParticleSystem': el constructor de copia se definió implícitamente como eliminado
  (compilando archivo de origen "SceneGame.cpp")
  
E:\gitHubDesktop\SimulacionFisicaVideojuegos\skeleton\FogParticleSystem.h(4,7): warning C5026: 'FogParticleSystem': el constructor de movimiento se definió implícitamente como eliminado
  (compilando archivo de origen "SceneGame.cpp")
  
E:\gitHubDesktop\SimulacionFisicaVideojuegos\skeleton\FogParticleSystem.h(4,7): warning C4626: 'FogParticleSystem': el operador de asignaciones se definió implícitamente como eliminado
  (compilando archivo de origen "SceneGame.cpp")
  
E:\gitHubDesktop\SimulacionFisicaVideojuegos\skeleton\FogParticleSystem.h(4,7): warning C5027: 'FogParticleSystem': el operador de asignaciones de movimiento se definió implícitamente como eliminado
  (compilando archivo de origen "SceneGame.cpp")
  
E:\gitHubDesktop\SimulacionFisicaVideojuegos\skeleton\TapParticleSystem.h(4,7): warning C4625: 'TapParticleSystem': el constructor de copia se definió implícitamente como eliminado
  (compilando archivo de origen "SceneGame.cpp")
  
E:\gitHubDesktop\SimulacionFisicaVideojuegos\skeleton\TapParticleSystem.h(4,7): warning C4626: 'TapParticleSystem': el operador de asignaciones se definió implícitamente como eliminado
  (compilando archivo de origen "SceneGame.cpp")
  
E:\gitHubDesktop\SimulacionFisicaVideojuegos\skeleton\FireworkParticleSystem.h(7,7): warning C4625: 'FireworkParticleSystem': el constructor de copia se definió implícitamente como eliminado
  (compilando archivo de origen "SceneGame.cpp")
  
E:\gitHubDesktop\SimulacionFisicaVideojuegos\skeleton\FireworkParticleSystem.h(7,7): warning C4626: 'FireworkParticleSystem': el operador de asignaciones se definió implícitamente como eliminado
  (compilando archivo de origen "SceneGame.cpp")
  
E:\gitHubDesktop\SimulacionFisicaVideojuegos\skeleton\SolidProjectil.h(3,7): warning C4625: 'SolidProjectil': el constructor de copia se definió implícitamente como eliminado
  (compilando archivo de origen "SceneGame.cpp")
  
E:\gitHubDesktop\SimulacionFisicaVideojuegos\skeleton\SolidProjectil.h(3,7): warning C5026: 'SolidProjectil': el constructor de movimiento se definió implícitamente como eliminado
  (compilando archivo de origen "SceneGame.cpp")
  
E:\gitHubDesktop\SimulacionFisicaVideojuegos\skeleton\SolidProjectil.h(3,7): warning C4626: 'SolidProjectil': el operador de asignaciones se definió implícitamente como eliminado
  (compilando archivo de origen "SceneGame.cpp")
  
E:\gitHubDesktop\SimulacionFisicaVideojuegos\skeleton\SolidProjectil.h(3,7): warning C5027: 'SolidProjectil': el operador de asignaciones de movimiento se definió implícitamente como eliminado
  (compilando archivo de origen "SceneGame.cpp")
  
E:\gitHubDesktop\SimulacionFisicaVideojuegos\skeleton\SceneManager.cpp(40,47): warning C4388: '<': no coinciden signed/unsigned
E:\gitHubDesktop\SimulacionFisicaVideojuegos\skeleton\SceneManager.cpp(46,39): warning C4388: '<': no coinciden signed/unsigned
E:\gitHubDesktop\SimulacionFisicaVideojuegos\skeleton\SceneManager.cpp(56,20): warning C4388: '>=': no coinciden signed/unsigned
E:\gitHubDesktop\SimulacionFisicaVideojuegos\skeleton\SceneManager.cpp(69,47): warning C4388: '<': no coinciden signed/unsigned
E:\gitHubDesktop\SimulacionFisicaVideojuegos\skeleton\SceneManager.cpp(76,47): warning C4388: '<': no coinciden signed/unsigned
E:\gitHubDesktop\SimulacionFisicaVideojuegos\skeleton\SolidSystem.h(13,7): warning C4625: 'SolidSystem': el constructor de copia se definió implícitamente como eliminado
  (compilando archivo de origen "main.cpp")
  
E:\gitHubDesktop\SimulacionFisicaVideojuegos\skeleton\SolidSystem.h(13,7): warning C4626: 'SolidSystem': el operador de asignaciones se definió implícitamente como eliminado
  (compilando archivo de origen "main.cpp")
  
E:\gitHubDesktop\SimulacionFisicaVideojuegos\skeleton\BubbleSystem.h(8,7): warning C4625: 'BubbleSystem': el constructor de copia se definió implícitamente como eliminado
  (compilando archivo de origen "SceneGame.cpp")
  
E:\gitHubDesktop\SimulacionFisicaVideojuegos\skeleton\BubbleSystem.h(8,7): warning C5026: 'BubbleSystem': el constructor de movimiento se definió implícitamente como eliminado
  (compilando archivo de origen "SceneGame.cpp")
  
E:\gitHubDesktop\SimulacionFisicaVideojuegos\skeleton\BubbleSystem.h(8,7): warning C4626: 'BubbleSystem': el operador de asignaciones se definió implícitamente como eliminado
  (compilando archivo de origen "SceneGame.cpp")
  
E:\gitHubDesktop\SimulacionFisicaVideojuegos\skeleton\BubbleSystem.h(8,7): warning C5027: 'BubbleSystem': el operador de asignaciones de movimiento se definió implícitamente como eliminado
  (compilando archivo de origen "SceneGame.cpp")
  
E:\gitHubDesktop\SimulacionFisicaVideojuegos\skeleton\AlgaeParticleSystem.h(5,7): warning C4625: 'AlgaeParticleSystem': el constructor de copia se definió implícitamente como eliminado
  (compilando archivo de origen "SceneGame.cpp")
  
E:\gitHubDesktop\SimulacionFisicaVideojuegos\skeleton\AlgaeParticleSystem.h(5,7): warning C5026: 'AlgaeParticleSystem': el constructor de movimiento se definió implícitamente como eliminado
  (compilando archivo de origen "SceneGame.cpp")
  
E:\gitHubDesktop\SimulacionFisicaVideojuegos\skeleton\AlgaeParticleSystem.h(5,7): warning C4626: 'AlgaeParticleSystem': el operador de asignaciones se definió implícitamente como eliminado
  (compilando archivo de origen "SceneGame.cpp")
  
E:\gitHubDesktop\SimulacionFisicaVideojuegos\skeleton\AlgaeParticleSystem.h(5,7): warning C5027: 'AlgaeParticleSystem': el operador de asignaciones de movimiento se definió implícitamente como eliminado
  (compilando archivo de origen "SceneGame.cpp")
  
E:\gitHubDesktop\SimulacionFisicaVideojuegos\skeleton\WindGenerator.h(25,57): warning C4100: 'dt': parámetro sin referencia
  (compilando archivo de origen "Game/GameMainMenu.cpp")
      E:\gitHubDesktop\SimulacionFisicaVideojuegos\skeleton\WindGenerator.h(25,57):
      el contexto de creación de instancias de la plantilla (el más antiguo primero) es
          E:\gitHubDesktop\SimulacionFisicaVideojuegos\skeleton\BubbleSystem.h(44,22):
          Vea la referencia a la creación de una instancia de clase plantilla "WhirlwindGenerator<SolidEntity>" que se está compilando
          E:\gitHubDesktop\SimulacionFisicaVideojuegos\skeleton\WhirlwindGenerator.h(4,35):
          Vea la referencia a la creación de una instancia de clase plantilla "WindGenerator<T>" que se está compilando
          with
          [
              T=SolidEntity
          ]
          E:\gitHubDesktop\SimulacionFisicaVideojuegos\skeleton\WindGenerator.h(25,25):
          al compilar la función del miembro clase plantilla "void WindGenerator<T>::updateForce(T *,double)"
          with
          [
              T=SolidEntity
          ]
  
E:\gitHubDesktop\SimulacionFisicaVideojuegos\skeleton\SceneCollisionCallback.h(17,87): warning C4100: 'count': parámetro sin referencia
  (compilando archivo de origen "SceneGame.cpp")
  
E:\gitHubDesktop\SimulacionFisicaVideojuegos\skeleton\SceneCollisionCallback.h(17,61): warning C4100: 'constraints': parámetro sin referencia
  (compilando archivo de origen "SceneGame.cpp")
  
E:\gitHubDesktop\SimulacionFisicaVideojuegos\skeleton\SceneCollisionCallback.h(18,63): warning C4100: 'count': parámetro sin referencia
  (compilando archivo de origen "SceneGame.cpp")
  
E:\gitHubDesktop\SimulacionFisicaVideojuegos\skeleton\SceneCollisionCallback.h(18,42): warning C4100: 'actors': parámetro sin referencia
  (compilando archivo de origen "SceneGame.cpp")
  
E:\gitHubDesktop\SimulacionFisicaVideojuegos\skeleton\SceneCollisionCallback.h(19,64): warning C4100: 'count': parámetro sin referencia
  (compilando archivo de origen "SceneGame.cpp")
  
E:\gitHubDesktop\SimulacionFisicaVideojuegos\skeleton\SceneCollisionCallback.h(19,43): warning C4100: 'actors': parámetro sin referencia
  (compilando archivo de origen "SceneGame.cpp")
  
E:\gitHubDesktop\SimulacionFisicaVideojuegos\skeleton\SceneCollisionCallback.h(20,70): warning C4100: 'count': parámetro sin referencia
  (compilando archivo de origen "SceneGame.cpp")
  
E:\gitHubDesktop\SimulacionFisicaVideojuegos\skeleton\SceneCollisionCallback.h(20,50): warning C4100: 'pairs': parámetro sin referencia
  (compilando archivo de origen "SceneGame.cpp")
  
E:\gitHubDesktop\SimulacionFisicaVideojuegos\skeleton\SceneCollisionCallback.h(22,66): warning C4100: 'count': parámetro sin referencia
  (compilando archivo de origen "SceneGame.cpp")
  
E:\gitHubDesktop\SimulacionFisicaVideojuegos\skeleton\SceneCollisionCallback.h(22,35): warning C4100: 'poseBuffer': parámetro sin referencia
  (compilando archivo de origen "SceneGame.cpp")
  
E:\gitHubDesktop\SimulacionFisicaVideojuegos\skeleton\SceneCollisionCallback.h(21,61): warning C4100: 'bodyBuffer': parámetro sin referencia
  (compilando archivo de origen "SceneGame.cpp")
  
E:\gitHubDesktop\SimulacionFisicaVideojuegos\skeleton\Generator.h(28,52): warning C5038: miembro de datos "Generator<SolidEntity>::n_particle" se inicializará después de miembro de datos "Generator<SolidEntity>::_mt"
  (compilando archivo de origen "Game/GameMainMenu.cpp")
      E:\gitHubDesktop\SimulacionFisicaVideojuegos\skeleton\Generator.h(28,52):
      el contexto de creación de instancias de la plantilla (el más antiguo primero) es
          E:\gitHubDesktop\SimulacionFisicaVideojuegos\skeleton\SolidNormalDistributionGen.h(5,43):
          Vea la referencia a la creación de una instancia de clase plantilla "Generator<SolidEntity>" que se está compilando
          E:\gitHubDesktop\SimulacionFisicaVideojuegos\skeleton\Generator.h(27,2):
          al compilar la función del miembro clase plantilla "Generator<SolidEntity>::Generator(T *,Vector3,Vector3,double,int)"
          with
          [
              T=SolidEntity
          ]
              E:\gitHubDesktop\SimulacionFisicaVideojuegos\skeleton\SolidNormalDistributionGen.h(12,32):
              vea la primera referencia a “Generator<SolidEntity>::Generator” en “SolidNormalDistributionGen::SolidNormalDistributionGen”
  
E:\gitHubDesktop\SimulacionFisicaVideojuegos\skeleton\Generator.h(29,61): warning C5038: miembro de datos "Generator<SolidEntity>::_des_Dur" se inicializará después de miembro de datos "Generator<SolidEntity>::_des_Vel"
  (compilando archivo de origen "Game/GameMainMenu.cpp")
  
E:\gitHubDesktop\SimulacionFisicaVideojuegos\skeleton\SceneGame.cpp(25,55): warning C5038: miembro de datos "SceneGame::_fogSystem" se inicializará después de miembro de datos "SceneGame::_fireSystem"
E:\gitHubDesktop\SimulacionFisicaVideojuegos\skeleton\SceneGame.cpp(26,2): warning C5038: miembro de datos "SceneGame::_fireSystem" se inicializará después de miembro de datos "SceneGame::_fireworkSystem1"
E:\gitHubDesktop\SimulacionFisicaVideojuegos\skeleton\SceneGame.cpp(27,32): warning C5038: miembro de datos "SceneGame::_whirlwindParticleSystem" se inicializará después de miembro de datos "SceneGame::_projectilePower"
E:\gitHubDesktop\SimulacionFisicaVideojuegos\skeleton\SceneGame.cpp(93,42): warning C4388: '>=': no coinciden signed/unsigned
E:\gitHubDesktop\SimulacionFisicaVideojuegos\skeleton\SceneGame.cpp(127,25): warning C4388: '>=': no coinciden signed/unsigned
E:\gitHubDesktop\SimulacionFisicaVideojuegos\skeleton\Scene.h(30,19): warning C5038: miembro de datos "Scene::_text" se inicializará después de miembro de datos "Scene::_particleSystems"
  (compilando archivo de origen "main.cpp")
  
E:\gitHubDesktop\SimulacionFisicaVideojuegos\skeleton\SceneGame.cpp(180,3): warning C4062: no se controla el enumerador 'NUM_FORCE' en el modificador de enumeración 'ForceType'
      E:\gitHubDesktop\SimulacionFisicaVideojuegos\skeleton\SceneGame.h(16,6):
      vea la declaración de 'ForceType'
  
E:\gitHubDesktop\SimulacionFisicaVideojuegos\skeleton\Scene.h(39,41): warning C4100: 'key': parámetro sin referencia
  (compilando archivo de origen "main.cpp")
  
E:\gitHubDesktop\SimulacionFisicaVideojuegos\skeleton\Scene.h(40,38): warning C4100: 'key': parámetro sin referencia
  (compilando archivo de origen "main.cpp")
  
E:\gitHubDesktop\SimulacionFisicaVideojuegos\skeleton\SceneGame.cpp(219,36): warning C4388: '>=': no coinciden signed/unsigned
E:\gitHubDesktop\SimulacionFisicaVideojuegos\skeleton\SceneGame.cpp(219,7): warning C4189: 'isLastLevel': la variable local se ha inicializado pero no se hace referencia a ella
E:\gitHubDesktop\SimulacionFisicaVideojuegos\skeleton\main.cpp(151,50): warning C4100: 'camera': parámetro sin referencia
E:\gitHubDesktop\SimulacionFisicaVideojuegos\skeleton\SceneGame.cpp(347,20): warning C4388: '>=': no coinciden signed/unsigned
E:\gitHubDesktop\SimulacionFisicaVideojuegos\skeleton\SceneGame.cpp(399,38): warning C4388: '>=': no coinciden signed/unsigned
E:\gitHubDesktop\SimulacionFisicaVideojuegos\skeleton\SceneGame.cpp(487,40): warning C4100: 't': parámetro sin referencia
E:\gitHubDesktop\SimulacionFisicaVideojuegos\skeleton\SceneGame.cpp(523,2): warning C4061: el enumerador 'SceneGame::VICTORY_SEQUENCE' en el modificador de enumeración 'SceneGame::GameState' no está controlado explícitamente por una etiqueta de caso
      E:\gitHubDesktop\SimulacionFisicaVideojuegos\skeleton\SceneGame.h(157,7):
      vea la declaración de 'SceneGame::GameState'
  
E:\gitHubDesktop\SimulacionFisicaVideojuegos\skeleton\SceneGame.cpp(507,6): warning C4189: 'screenWidth': la variable local se ha inicializado pero no se hace referencia a ella
E:\gitHubDesktop\SimulacionFisicaVideojuegos\skeleton\SceneGame.cpp(508,6): warning C4189: 'screenHeight': la variable local se ha inicializado pero no se hace referencia a ella
E:\gitHubDesktop\SimulacionFisicaVideojuegos\skeleton\SceneGame.cpp(531,36): warning C4388: '>=': no coinciden signed/unsigned
E:\gitHubDesktop\SimulacionFisicaVideojuegos\skeleton\SceneGame.cpp(537,4): warning C5219: conversión implícita de "int" a "float"; posible pérdida de datos
E:\gitHubDesktop\SimulacionFisicaVideojuegos\skeleton\SceneGame.cpp(537,24): warning C5219: conversión implícita de "int" a "float"; posible pérdida de datos
E:\gitHubDesktop\SimulacionFisicaVideojuegos\skeleton\SceneGame.cpp(541,4): warning C5219: conversión implícita de "int" a "float"; posible pérdida de datos
E:\gitHubDesktop\SimulacionFisicaVideojuegos\skeleton\SceneGame.cpp(541,24): warning C5219: conversión implícita de "int" a "float"; posible pérdida de datos
E:\gitHubDesktop\SimulacionFisicaVideojuegos\skeleton\SceneGame.cpp(548,5): warning C5219: conversión implícita de "int" a "float"; posible pérdida de datos
E:\gitHubDesktop\SimulacionFisicaVideojuegos\skeleton\SceneGame.cpp(548,25): warning C5219: conversión implícita de "int" a "float"; posible pérdida de datos
E:\gitHubDesktop\SimulacionFisicaVideojuegos\skeleton\SceneGame.cpp(553,4): warning C5219: conversión implícita de "int" a "float"; posible pérdida de datos
E:\gitHubDesktop\SimulacionFisicaVideojuegos\skeleton\SceneGame.cpp(553,24): warning C5219: conversión implícita de "int" a "float"; posible pérdida de datos
E:\gitHubDesktop\SimulacionFisicaVideojuegos\skeleton\SceneGame.cpp(559,4): warning C5219: conversión implícita de "int" a "float"; posible pérdida de datos
E:\gitHubDesktop\SimulacionFisicaVideojuegos\skeleton\SceneGame.cpp(559,24): warning C5219: conversión implícita de "int" a "float"; posible pérdida de datos
E:\gitHubDesktop\SimulacionFisicaVideojuegos\skeleton\SceneGame.cpp(563,4): warning C5219: conversión implícita de "int" a "float"; posible pérdida de datos
E:\gitHubDesktop\SimulacionFisicaVideojuegos\skeleton\SceneGame.cpp(563,24): warning C5219: conversión implícita de "int" a "float"; posible pérdida de datos
E:\gitHubDesktop\SimulacionFisicaVideojuegos\skeleton\SceneGame.cpp(567,4): warning C5219: conversión implícita de "int" a "float"; posible pérdida de datos
E:\gitHubDesktop\SimulacionFisicaVideojuegos\skeleton\SceneGame.cpp(567,24): warning C5219: conversión implícita de "int" a "float"; posible pérdida de datos
E:\gitHubDesktop\SimulacionFisicaVideojuegos\skeleton\SceneGame.cpp(577,3): warning C5219: conversión implícita de "int" a "float"; posible pérdida de datos
E:\gitHubDesktop\SimulacionFisicaVideojuegos\skeleton\SceneGame.cpp(577,23): warning C5219: conversión implícita de "int" a "float"; posible pérdida de datos
E:\gitHubDesktop\SimulacionFisicaVideojuegos\skeleton\SceneGame.cpp(581,3): warning C5219: conversión implícita de "int" a "float"; posible pérdida de datos
E:\gitHubDesktop\SimulacionFisicaVideojuegos\skeleton\SceneGame.cpp(581,23): warning C5219: conversión implícita de "int" a "float"; posible pérdida de datos
E:\gitHubDesktop\SimulacionFisicaVideojuegos\skeleton\SceneGame.cpp(700,2): warning C4061: el enumerador 'NUM_FORCE' en el modificador de enumeración 'ForceType' no está controlado explícitamente por una etiqueta de caso
      E:\gitHubDesktop\SimulacionFisicaVideojuegos\skeleton\SceneGame.h(16,6):
      vea la declaración de 'ForceType'
  
E:\gitHubDesktop\SimulacionFisicaVideojuegos\skeleton\SceneGame.cpp(726,2): warning C4062: no se controla el enumerador 'NUM_FORCE' en el modificador de enumeración 'ForceType'
      E:\gitHubDesktop\SimulacionFisicaVideojuegos\skeleton\SceneGame.h(16,6):
      vea la declaración de 'ForceType'
  
E:\gitHubDesktop\SimulacionFisicaVideojuegos\skeleton\ForceGenerator.h(33,20): warning C5038: miembro de datos "ForceGenerator<SolidEntity>::_renderItem" se inicializará después de miembro de datos "ForceGenerator<SolidEntity>::_isRegistered"
  (compilando archivo de origen "Game/GameMainMenu.cpp")
      E:\gitHubDesktop\SimulacionFisicaVideojuegos\skeleton\ForceGenerator.h(33,20):
      el contexto de creación de instancias de la plantilla (el más antiguo primero) es
          E:\gitHubDesktop\SimulacionFisicaVideojuegos\skeleton\ForceRegistry.h(105,20):
          Vea la referencia a la creación de una instancia de clase plantilla "ForceGenerator<SolidEntity>" que se está compilando
          E:\gitHubDesktop\SimulacionFisicaVideojuegos\skeleton\ForceGenerator.h(33,2):
          al compilar la función del miembro clase plantilla "ForceGenerator<SolidEntity>::ForceGenerator(void)"
              E:\gitHubDesktop\SimulacionFisicaVideojuegos\skeleton\WindGenerator.h(17,5):
              vea la primera referencia a “ForceGenerator<SolidEntity>::ForceGenerator” en “WindGenerator<T>::WindGenerator”
          with
          [
              T=SolidEntity
          ]
              E:\gitHubDesktop\SimulacionFisicaVideojuegos\skeleton\WhirlwindGenerator.h(11,24):
              vea la primera referencia a “WindGenerator<T>::WindGenerator” en “WhirlwindGenerator<SolidEntity>::WhirlwindGenerator”
          with
          [
              T=SolidEntity
          ]
              E:\gitHubDesktop\SimulacionFisicaVideojuegos\skeleton\BubbleSystem.h(44,17):
              vea la primera referencia a “WhirlwindGenerator<SolidEntity>::WhirlwindGenerator” en “BubbleSystem::BubbleSystem”
  
E:\gitHubDesktop\SimulacionFisicaVideojuegos\skeleton\WindGenerator.h(25,57): warning C4100: 'dt': parámetro sin referencia
  (compilando archivo de origen "SceneGame.cpp")
      E:\gitHubDesktop\SimulacionFisicaVideojuegos\skeleton\WindGenerator.h(25,57):
      el contexto de creación de instancias de la plantilla (el más antiguo primero) es
          E:\gitHubDesktop\SimulacionFisicaVideojuegos\skeleton\SceneGame.cpp(162,9):
          Vea la referencia a la creación de una instancia de clase plantilla "WindGenerator<Particle>" que se está compilando
          E:\gitHubDesktop\SimulacionFisicaVideojuegos\skeleton\WindGenerator.h(25,25):
          al compilar la función del miembro clase plantilla "void WindGenerator<Particle>::updateForce(T *,double)"
          with
          [
              T=Particle
          ]
              E:\gitHubDesktop\SimulacionFisicaVideojuegos\skeleton\WhirlwindGenerator.h(30,38):
              vea la primera referencia a “WindGenerator<Particle>::updateForce” en “WhirlwindGenerator<Particle>::updateForce”
  
E:\gitHubDesktop\SimulacionFisicaVideojuegos\skeleton\BuoyancyForceGenerator.h(19,57): warning C4100: 'dt': parámetro sin referencia
  (compilando archivo de origen "SceneGame.cpp")
      E:\gitHubDesktop\SimulacionFisicaVideojuegos\skeleton\BuoyancyForceGenerator.h(19,57):
      el contexto de creación de instancias de la plantilla (el más antiguo primero) es
          E:\gitHubDesktop\SimulacionFisicaVideojuegos\skeleton\SceneGame.cpp(184,20):
          Vea la referencia a la creación de una instancia de clase plantilla "BuoyancyForceGenerator<SolidEntity>" que se está compilando
          E:\gitHubDesktop\SimulacionFisicaVideojuegos\skeleton\BuoyancyForceGenerator.h(19,25):
          al compilar la función del miembro clase plantilla "void BuoyancyForceGenerator<SolidEntity>::updateForce(T *,double)"
          with
          [
              T=SolidEntity
          ]
  
E:\gitHubDesktop\SimulacionFisicaVideojuegos\skeleton\GravityGenerator.h(13,57): warning C4100: 'dt': parámetro sin referencia
  (compilando archivo de origen "SceneGame.cpp")
      E:\gitHubDesktop\SimulacionFisicaVideojuegos\skeleton\GravityGenerator.h(13,57):
      el contexto de creación de instancias de la plantilla (el más antiguo primero) es
          E:\gitHubDesktop\SimulacionFisicaVideojuegos\skeleton\SceneGame.cpp(54,26):
          Vea la referencia a la creación de una instancia de clase plantilla "GravityGenerator<SolidEntity>" que se está compilando
          E:\gitHubDesktop\SimulacionFisicaVideojuegos\skeleton\GravityGenerator.h(13,25):
          al compilar la función del miembro clase plantilla "void GravityGenerator<SolidEntity>::updateForce(T *,double)"
          with
          [
              T=SolidEntity
          ]
  
E:\gitHubDesktop\SimulacionFisicaVideojuegos\skeleton\Generator.h(28,52): warning C5038: miembro de datos "Generator<SolidEntity>::n_particle" se inicializará después de miembro de datos "Generator<SolidEntity>::_mt"
  (compilando archivo de origen "SceneGame.cpp")
      E:\gitHubDesktop\SimulacionFisicaVideojuegos\skeleton\Generator.h(28,52):
      el contexto de creación de instancias de la plantilla (el más antiguo primero) es
          E:\gitHubDesktop\SimulacionFisicaVideojuegos\skeleton\SolidNormalDistributionGen.h(5,43):
          Vea la referencia a la creación de una instancia de clase plantilla "Generator<SolidEntity>" que se está compilando
          E:\gitHubDesktop\SimulacionFisicaVideojuegos\skeleton\Generator.h(27,2):
          al compilar la función del miembro clase plantilla "Generator<SolidEntity>::Generator(T *,Vector3,Vector3,double,int)"
          with
          [
              T=SolidEntity
          ]
              E:\gitHubDesktop\SimulacionFisicaVideojuegos\skeleton\SolidNormalDistributionGen.h(12,32):
              vea la primera referencia a “Generator<SolidEntity>::Generator” en “SolidNormalDistributionGen::SolidNormalDistributionGen”
  
E:\gitHubDesktop\SimulacionFisicaVideojuegos\skeleton\Generator.h(29,61): warning C5038: miembro de datos "Generator<SolidEntity>::_des_Dur" se inicializará después de miembro de datos "Generator<SolidEntity>::_des_Vel"
  (compilando archivo de origen "SceneGame.cpp")
  
E:\gitHubDesktop\SimulacionFisicaVideojuegos\skeleton\ForceGenerator.h(33,20): warning C5038: miembro de datos "ForceGenerator<SolidEntity>::_renderItem" se inicializará después de miembro de datos "ForceGenerator<SolidEntity>::_isRegistered"
  (compilando archivo de origen "SceneGame.cpp")
      E:\gitHubDesktop\SimulacionFisicaVideojuegos\skeleton\ForceGenerator.h(33,20):
      el contexto de creación de instancias de la plantilla (el más antiguo primero) es
          E:\gitHubDesktop\SimulacionFisicaVideojuegos\skeleton\ForceRegistry.h(105,20):
          Vea la referencia a la creación de una instancia de clase plantilla "ForceGenerator<SolidEntity>" que se está compilando
          E:\gitHubDesktop\SimulacionFisicaVideojuegos\skeleton\ForceGenerator.h(33,2):
          al compilar la función del miembro clase plantilla "ForceGenerator<SolidEntity>::ForceGenerator(void)"
              E:\gitHubDesktop\SimulacionFisicaVideojuegos\skeleton\BuoyancyForceGenerator.h(16,85):
              vea la primera referencia a “ForceGenerator<SolidEntity>::ForceGenerator” en “BuoyancyForceGenerator<SolidEntity>::BuoyancyForceGenerator”
              E:\gitHubDesktop\SimulacionFisicaVideojuegos\skeleton\SceneGame.cpp(184,14):
              vea la primera referencia a “BuoyancyForceGenerator<SolidEntity>::BuoyancyForceGenerator” en “SceneGame::loadLevel”
  
E:\gitHubDesktop\SimulacionFisicaVideojuegos\skeleton\ForceGenerator.h(33,20): warning C5038: miembro de datos "ForceGenerator<Particle>::_renderItem" se inicializará después de miembro de datos "ForceGenerator<Particle>::_isRegistered"
  (compilando archivo de origen "SceneGame.cpp")
      E:\gitHubDesktop\SimulacionFisicaVideojuegos\skeleton\ForceGenerator.h(33,20):
      el contexto de creación de instancias de la plantilla (el más antiguo primero) es
          E:\gitHubDesktop\SimulacionFisicaVideojuegos\skeleton\ForceRegistry.h(98,20):
          Vea la referencia a la creación de una instancia de clase plantilla "ForceGenerator<Particle>" que se está compilando
          E:\gitHubDesktop\SimulacionFisicaVideojuegos\skeleton\ForceGenerator.h(33,2):
          al compilar la función del miembro clase plantilla "ForceGenerator<Particle>::ForceGenerator(void)"
              E:\gitHubDesktop\SimulacionFisicaVideojuegos\skeleton\WindGenerator.h(17,5):
              vea la primera referencia a “ForceGenerator<Particle>::ForceGenerator” en “WindGenerator<Particle>::WindGenerator”
              E:\gitHubDesktop\SimulacionFisicaVideojuegos\skeleton\SceneGame.cpp(161,24):
              vea la primera referencia a “WindGenerator<Particle>::WindGenerator” en “SceneGame::loadLevel”
  
E:\gitHubDesktop\SimulacionFisicaVideojuegos\skeleton\GravityGenerator.h(17,1): warning C5045: El compilador insertará la mitigación de Spectre para la carga de memoria si se especificó el modificador /Qspectre
E:\gitHubDesktop\SimulacionFisicaVideojuegos\skeleton\GravityGenerator.h(17,1): warning C5045: E:\gitHubDesktop\SimulacionFisicaVideojuegos\skeleton\GravityGenerator.h(15) : nota: el intervalo "" del índice se comprobó por comparación en esta línea
E:\gitHubDesktop\SimulacionFisicaVideojuegos\skeleton\GravityGenerator.h(17,1): warning C5045: E:\gitHubDesktop\SimulacionFisicaVideojuegos\skeleton\GravityGenerator.h(17) : nota: suministra la llamada en esta línea
  game.vcxproj -> E:\gitHubDesktop\SimulacionFisicaVideojuegos\bin\game.exe
